23/5/2021 13:48:41 [SUCCESS] => Hola
23/5/2021 13:48:41 [WARNING] => Hola
23/5/2021 13:48:41 [INFO] => Hola
23/5/2021 13:48:41 [INFO] => Hola
23/5/2021 13:48:41 [INFO] => Hola
23/5/2021 13:48:41 [INFO] => Hola
23/5/2021 13:48:41 [ERROR] => Hola
23/5/2021 13:48:41 [DEBUG] => Hola
23/5/2021 13:48:41 [DEBUG] => Hola
23/5/2021 13:48:41 [DEBUG] => Hola
23/5/2021 13:48:41 [DEBUG] => Hola
23/5/2021 13:48:41 [LOG] => Hola23/5/2021 13:55:57 [SUCCESS] => Hola
23/5/2021 13:55:57 [WARNING] => Hola
23/5/2021 13:55:57 [INFO] => Hola
23/5/2021 13:55:57 [INFO] => Hola
23/5/2021 13:55:57 [INFO] => Hola
23/5/2021 13:55:57 [INFO] => Hola
23/5/2021 13:55:57 [ERROR] => Hola
23/5/2021 13:55:57 [DEBUG] => Hola
23/5/2021 13:55:57 [DEBUG] => Hola
23/5/2021 13:55:57 [DEBUG] => Hola
23/5/2021 13:55:57 [DEBUG] => Hola
23/5/2021 13:55:57 [LOG] => Hola
23/5/2021 13:55:57 [SUCCESS] => Hola
23/5/2021 13:55:57 [WARNING] => Hola
23/5/2021 13:55:57 [INFO] => Hola
23/5/2021 13:55:57 [INFO] => Hola
23/5/2021 13:55:57 [INFO] => Hola
23/5/2021 13:55:57 [INFO] => Hola
23/5/2021 13:55:57 [ERROR] => Hola
23/5/2021 13:55:57 [DEBUG] => Hola
23/5/2021 13:55:57 [DEBUG] => Hola
23/5/2021 13:55:57 [DEBUG] => Hola
23/5/2021 13:55:57 [DEBUG] => Hola
23/5/2021 13:55:57 [LOG] => Hola
23/5/2021 13:57:14 [SUCCESS] => Hola
23/5/2021 13:57:14 [WARNING] => Hola
23/5/2021 13:57:14 [INFO] => Hola
23/5/2021 13:57:14 [INFO] => Hola
23/5/2021 13:57:14 [INFO] => Hola
23/5/2021 13:57:14 [INFO] => Hola
23/5/2021 13:57:14 [ERROR] => Hola
23/5/2021 13:57:14 [DEBUG] => Hola
23/5/2021 13:57:14 [DEBUG] => Hola
23/5/2021 13:57:14 [DEBUG] => Hola
23/5/2021 13:57:14 [DEBUG] => Hola
23/5/2021 13:57:14 [LOG] => Hola
23/5/2021 13:57:35 [SUCCESS] => Hola
23/5/2021 13:57:35 [WARNING] => Hola
23/5/2021 13:57:35 [INFO] => Hola
23/5/2021 13:57:35 [INFO] => Hola
23/5/2021 13:57:35 [INFO] => Hola
23/5/2021 13:57:35 [INFO] => Hola
23/5/2021 13:57:35 [ERROR] => Hola
23/5/2021 13:57:35 [DEBUG] => Hola
23/5/2021 13:57:35 [DEBUG] => Hola
23/5/2021 13:57:35 [DEBUG] => Hola
23/5/2021 13:57:35 [DEBUG] => Hola
23/5/2021 13:57:35 [LOG] => Hola
23/5/2021 13:57:49 [SUCCESS] => Hola
23/5/2021 13:57:49 [WARNING] => Hola
23/5/2021 13:57:49 [INFO] => Hola
23/5/2021 13:57:49 [INFO] => Hola
23/5/2021 13:57:49 [INFO] => Hola
23/5/2021 13:57:49 [INFO] => Hola
23/5/2021 13:57:49 [ERROR] => Hola
23/5/2021 13:57:49 [DEBUG] => Hola
23/5/2021 13:57:49 [DEBUG] => Hola
23/5/2021 13:57:49 [DEBUG] => Hola
23/5/2021 13:57:49 [DEBUG] => Hola
23/5/2021 13:57:49 [LOG] => Hola
23/5/2021 13:58:12 [SUCCESS] => Hola
23/5/2021 13:58:12 [WARNING] => Hola
23/5/2021 13:58:12 [INFO] => Hola
23/5/2021 13:58:12 [INFO] => Hola
23/5/2021 13:58:12 [INFO] => Hola
23/5/2021 13:58:12 [INFO] => Hola
23/5/2021 13:58:12 [ERROR] => Hola
23/5/2021 13:58:12 [DEBUG] => Hola
23/5/2021 13:58:12 [DEBUG] => Hola
23/5/2021 13:58:12 [DEBUG] => Hola
23/5/2021 13:58:12 [DEBUG] => Hola
23/5/2021 13:58:12 [LOG] => Hola
23/5/2021 13:58:33 [SUCCESS] => Hola
23/5/2021 13:58:33 [WARNING] => Hola
23/5/2021 13:58:33 [INFO] => Hola
23/5/2021 13:58:33 [INFO] => Hola
23/5/2021 13:58:33 [INFO] => Hola
23/5/2021 13:58:33 [INFO] => Hola
23/5/2021 13:58:33 [ERROR] => Hola
23/5/2021 13:58:33 [DEBUG] => Hola
23/5/2021 13:58:33 [DEBUG] => Hola
23/5/2021 13:58:33 [DEBUG] => Hola
23/5/2021 13:58:33 [DEBUG] => Hola
23/5/2021 13:58:33 [LOG] => Hola
23/5/2021 13:58:42 [SUCCESS] => Hola
23/5/2021 13:58:42 [WARNING] => Hola
23/5/2021 13:58:42 [INFO] => Hola
23/5/2021 13:58:42 [INFO] => Hola
23/5/2021 13:58:42 [INFO] => Hola
23/5/2021 13:58:42 [INFO] => Hola
23/5/2021 13:58:42 [ERROR] => Hola
23/5/2021 13:58:42 [DEBUG] => Hola
23/5/2021 13:58:42 [DEBUG] => Hola
23/5/2021 13:58:42 [DEBUG] => Hola
23/5/2021 13:58:42 [DEBUG] => Hola
23/5/2021 13:58:42 [LOG] => Hola
23/5/2021 13:58:59 [SUCCESS] => Hola
23/5/2021 13:58:59 [WARNING] => Hola
23/5/2021 13:58:59 [INFO] => Hola
23/5/2021 13:58:59 [INFO] => Hola
23/5/2021 13:58:59 [INFO] => Hola
23/5/2021 13:58:59 [INFO] => Hola
23/5/2021 13:58:59 [ERROR] => Hola
23/5/2021 13:58:59 [DEBUG] => Hola
23/5/2021 13:58:59 [DEBUG] => Hola
23/5/2021 13:58:59 [DEBUG] => Hola
23/5/2021 13:58:59 [DEBUG] => Hola
23/5/2021 13:58:59 [LOG] => Hola
23/5/2021 13:59:9 [SUCCESS] => Hola
23/5/2021 13:59:9 [WARNING] => Hola
23/5/2021 13:59:9 [INFO] => Hola
23/5/2021 13:59:9 [INFO] => Hola
23/5/2021 13:59:9 [INFO] => Hola
23/5/2021 13:59:9 [INFO] => Hola
23/5/2021 13:59:9 [ERROR] => Hola
23/5/2021 13:59:9 [DEBUG] => Hola
23/5/2021 13:59:9 [DEBUG] => Hola
23/5/2021 13:59:9 [DEBUG] => Hola
23/5/2021 13:59:9 [DEBUG] => Hola
23/5/2021 13:59:9 [LOG] => Hola
23/5/2021 13:59:35 [SUCCESS] => Hola
23/5/2021 13:59:35 [WARNING] => Hola
23/5/2021 13:59:35 [INFO] => Hola
23/5/2021 13:59:35 [INFO] => Hola
23/5/2021 13:59:35 [INFO] => Hola
23/5/2021 13:59:35 [INFO] => Hola
23/5/2021 13:59:35 [ERROR] => Hola
23/5/2021 13:59:35 [DEBUG] => Hola
23/5/2021 13:59:35 [DEBUG] => Hola
23/5/2021 13:59:35 [DEBUG] => Hola
23/5/2021 13:59:35 [DEBUG] => Hola
23/5/2021 13:59:35 [LOG] => Hola
23/5/2021 13:59:44 [SUCCESS] => Hola
23/5/2021 13:59:44 [WARNING] => Hola
23/5/2021 13:59:44 [INFO] => Hola
23/5/2021 13:59:44 [INFO] => Hola
23/5/2021 13:59:44 [INFO] => Hola
23/5/2021 13:59:44 [INFO] => Hola
23/5/2021 13:59:44 [ERROR] => Hola
23/5/2021 13:59:44 [DEBUG] => Hola
23/5/2021 13:59:44 [DEBUG] => Hola
23/5/2021 13:59:44 [DEBUG] => Hola
23/5/2021 13:59:44 [DEBUG] => Hola
23/5/2021 13:59:44 [LOG] => Hola
23/5/2021 14:0:11 [SUCCESS] => Hola
23/5/2021 14:0:11 [WARNING] => Hola
23/5/2021 14:0:11 [INFO] => Hola
23/5/2021 14:0:11 [INFO] => Hola
23/5/2021 14:0:11 [INFO] => Hola
23/5/2021 14:0:11 [INFO] => Hola
23/5/2021 14:0:11 [ERROR] => Hola
23/5/2021 14:0:11 [DEBUG] => Hola
23/5/2021 14:0:11 [DEBUG] => Hola
23/5/2021 14:0:11 [DEBUG] => Hola
23/5/2021 14:0:11 [DEBUG] => Hola
23/5/2021 14:0:11 [LOG] => Hola
23/5/2021 14:0:33 [SUCCESS] => Hola
23/5/2021 14:0:33 [WARNING] => Hola
23/5/2021 14:0:33 [INFO] => Hola
23/5/2021 14:0:33 [INFO] => Hola
23/5/2021 14:0:33 [INFO] => Hola
23/5/2021 14:0:33 [INFO] => Hola
23/5/2021 14:0:33 [ERROR] => Hola
23/5/2021 14:0:33 [DEBUG] => Hola
23/5/2021 14:0:33 [DEBUG] => Hola
23/5/2021 14:0:33 [DEBUG] => Hola
23/5/2021 14:0:33 [DEBUG] => Hola
23/5/2021 14:0:33 [LOG] => Hola
23/5/2021 14:0:45 [SUCCESS] => Hola
23/5/2021 14:0:45 [WARNING] => Hola
23/5/2021 14:0:45 [INFO] => Hola
23/5/2021 14:0:45 [INFO] => Hola
23/5/2021 14:0:45 [INFO] => Hola
23/5/2021 14:0:45 [INFO] => Hola
23/5/2021 14:0:45 [ERROR] => Hola
23/5/2021 14:0:45 [DEBUG] => Hola
23/5/2021 14:0:45 [DEBUG] => Hola
23/5/2021 14:0:45 [DEBUG] => Hola
23/5/2021 14:0:45 [DEBUG] => Hola
23/5/2021 14:0:45 [LOG] => Hola
23/5/2021 14:0:51 [SUCCESS] => Hola
23/5/2021 14:0:51 [WARNING] => Hola
23/5/2021 14:0:51 [INFO] => Hola
23/5/2021 14:0:51 [INFO] => Hola
23/5/2021 14:0:51 [INFO] => Hola
23/5/2021 14:0:51 [INFO] => Hola
23/5/2021 14:0:51 [ERROR] => Hola
23/5/2021 14:0:51 [DEBUG] => Hola
23/5/2021 14:0:51 [DEBUG] => Hola
23/5/2021 14:0:51 [DEBUG] => Hola
23/5/2021 14:0:51 [DEBUG] => Hola
23/5/2021 14:0:51 [LOG] => Hola
23/5/2021 14:1:17 [SUCCESS] - Hola
23/5/2021 14:1:17 [WARNING] - Hola
23/5/2021 14:1:17 [INFO] - Hola
23/5/2021 14:1:17 [INFO] - Hola
23/5/2021 14:1:17 [INFO] - Hola
23/5/2021 14:1:17 [INFO] - Hola
23/5/2021 14:1:17 [ERROR] - Hola
23/5/2021 14:1:17 [DEBUG] - Hola
23/5/2021 14:1:17 [DEBUG] - Hola
23/5/2021 14:1:17 [DEBUG] - Hola
23/5/2021 14:1:17 [DEBUG] - Hola
23/5/2021 14:1:17 [LOG]  Hola
